<?xml version="1.0" encoding="UTF-8"?>
<!-- Generated by org.testng.reporters.JUnitXMLReporter -->
<testsuite ignored="0" hostname="DESKTOP-RD9UV13" failures="1" tests="4" name="Test(failed)" time="56.425" errors="0" timestamp="2023-07-07T18:05:18 IST">
  <testcase classname="com.TYSS.Renaa_TMS_Hybrid.BaseClass" name="@AfterMethod logoutFromApp" time="10.061">
    <failure type="org.openqa.selenium.NoSuchElementException" message="no such element: Unable to locate element: {&amp;quot;method&amp;quot;:&amp;quot;xpath&amp;quot;,&amp;quot;selector&amp;quot;:&amp;quot;//a[@class=&amp;apos;dropdown-toggle&amp;apos;]&amp;quot;}
  (Session info: MicrosoftEdge=114.0.1823.67)
For documentation on this error, please visit: https://selenium.dev/exceptions/#no_such_element
Build info: version: &amp;apos;4.9.1&amp;apos;, revision: &amp;apos;eb2032df7f&amp;apos;
System info: os.name: &amp;apos;Windows 10&amp;apos;, os.arch: &amp;apos;amd64&amp;apos;, os.version: &amp;apos;10.0&amp;apos;, java.version: &amp;apos;19.0.2&amp;apos;
Driver info: org.openqa.selenium.edge.EdgeDriver
Command: [0b51df891b1ae1aecce25917095a6c79, findElement {using=xpath, value=//a[@class=&amp;apos;dropdown-toggle&amp;apos;]}]
Capabilities {acceptInsecureCerts: false, browserName: msedge, browserVersion: 114.0.1823.67, ms:edgeOptions: {debuggerAddress: localhost:1418}, msedge: {msedgedriverVersion: 114.0.1823.67 (3f1d7fbb324e..., userDataDir: C:\Users\MIRZAK~1\AppData\L...}, networkConnectionEnabled: false, pageLoadStrategy: normal, platformName: windows, proxy: Proxy(), se:cdp: ws://localhost:1418/devtool..., se:cdpVersion: 114.0.1823.67, setWindowRect: true, strictFileInteractability: false, timeouts: {implicit: 0, pageLoad: 300000, script: 30000}, unhandledPromptBehavior: dismiss and notify, webauthn:extension:credBlob: true, webauthn:extension:largeBlob: true, webauthn:extension:minPinLength: true, webauthn:extension:prf: true, webauthn:virtualAuthenticators: true}
Session ID: 0b51df891b1ae1aecce25917095a6c79">
      <![CDATA[org.openqa.selenium.NoSuchElementException: no such element: Unable to locate element: {"method":"xpath","selector":"//a[@class='dropdown-toggle']"}
  (Session info: MicrosoftEdge=114.0.1823.67)
For documentation on this error, please visit: https://selenium.dev/exceptions/#no_such_element
Build info: version: '4.9.1', revision: 'eb2032df7f'
System info: os.name: 'Windows 10', os.arch: 'amd64', os.version: '10.0', java.version: '19.0.2'
Driver info: org.openqa.selenium.edge.EdgeDriver
Command: [0b51df891b1ae1aecce25917095a6c79, findElement {using=xpath, value=//a[@class='dropdown-toggle']}]
Capabilities {acceptInsecureCerts: false, browserName: msedge, browserVersion: 114.0.1823.67, ms:edgeOptions: {debuggerAddress: localhost:1418}, msedge: {msedgedriverVersion: 114.0.1823.67 (3f1d7fbb324e..., userDataDir: C:\Users\MIRZAK~1\AppData\L...}, networkConnectionEnabled: false, pageLoadStrategy: normal, platformName: windows, proxy: Proxy(), se:cdp: ws://localhost:1418/devtool..., se:cdpVersion: 114.0.1823.67, setWindowRect: true, strictFileInteractability: false, timeouts: {implicit: 0, pageLoad: 300000, script: 30000}, unhandledPromptBehavior: dismiss and notify, webauthn:extension:credBlob: true, webauthn:extension:largeBlob: true, webauthn:extension:minPinLength: true, webauthn:extension:prf: true, webauthn:virtualAuthenticators: true}
Session ID: 0b51df891b1ae1aecce25917095a6c79
at org.openqa.selenium.remote.codec.w3c.W3CHttpResponseCodec.createException(W3CHttpResponseCodec.java:200)
at org.openqa.selenium.remote.codec.w3c.W3CHttpResponseCodec.decode(W3CHttpResponseCodec.java:133)
at org.openqa.selenium.remote.codec.w3c.W3CHttpResponseCodec.decode(W3CHttpResponseCodec.java:53)
at org.openqa.selenium.remote.HttpCommandExecutor.execute(HttpCommandExecutor.java:193)
at org.openqa.selenium.remote.service.DriverCommandExecutor.invokeExecute(DriverCommandExecutor.java:183)
at org.openqa.selenium.remote.service.DriverCommandExecutor.execute(DriverCommandExecutor.java:158)
at org.openqa.selenium.remote.RemoteWebDriver.execute(RemoteWebDriver.java:543)
at org.openqa.selenium.remote.ElementLocation$ElementFinder$2.findElement(ElementLocation.java:162)
at org.openqa.selenium.remote.ElementLocation.findElement(ElementLocation.java:60)
at org.openqa.selenium.remote.RemoteWebDriver.findElement(RemoteWebDriver.java:352)
at org.openqa.selenium.remote.RemoteWebDriver.findElement(RemoteWebDriver.java:344)
at org.openqa.selenium.support.pagefactory.DefaultElementLocator.findElement(DefaultElementLocator.java:70)
at org.openqa.selenium.support.pagefactory.internal.LocatingElementHandler.invoke(LocatingElementHandler.java:39)
at jdk.proxy2/jdk.proxy2.$Proxy21.click(Unknown Source)
at com.TMS.objectRepository.AdminDashboardPage.clickLogoutDrop(AdminDashboardPage.java:76)
at com.TYSS.Renaa_TMS_Hybrid.BaseClass.logoutFromApp(BaseClass.java:98)
at java.base/java.util.concurrent.ThreadPoolExecutor.runWorker(ThreadPoolExecutor.java:1144)
at java.base/java.util.concurrent.ThreadPoolExecutor$Worker.run(ThreadPoolExecutor.java:642)
at java.base/java.lang.Thread.run(Thread.java:1589)
... Removed 18 stack frames]]>
    </failure>
  </testcase> <!-- @AfterMethod logoutFromApp -->
  <testcase classname="com.TYSS.Renaa_TMS_Hybrid.BaseClass" name="@BeforeMethod loginToApp" time="-1.68873330833E9">
    <skipped/>
  </testcase> <!-- @BeforeMethod loginToApp -->
  <testcase classname="com.TYSS.Renaa_TMS_Hybrid.BaseClass" name="@AfterMethod logoutFromApp" time="-1.688733316738E9">
    <skipped/>
  </testcase> <!-- @AfterMethod logoutFromApp -->
  <testcase classname="com.TYSS.Renaa_TMS_Hybrid.BaseClass" name="@BeforeMethod loginToApp" time="-1.68873331674E9">
    <skipped/>
  </testcase> <!-- @BeforeMethod loginToApp -->
  <testcase classname="com.TYSS.Renaa_TMS_Hybrid.BaseClass" name="@AfterMethod logoutFromApp" time="-1.6887333176E9">
    <skipped/>
  </testcase> <!-- @AfterMethod logoutFromApp -->
  <testcase classname="com.TYSS.Renaa_TMS_Hybrid.BaseClass" name="@BeforeMethod loginToApp" time="-1.688733317606E9">
    <skipped/>
  </testcase> <!-- @BeforeMethod loginToApp -->
  <testcase classname="com.TYSS.Renaa_TMS_Hybrid.BaseClass" name="@AfterMethod logoutFromApp" time="-1.68873331818E9">
    <skipped/>
  </testcase> <!-- @AfterMethod logoutFromApp -->
  <testcase classname="com.TYSS.Renaa_TMS_Hybrid.BaseClass" name="@AfterClass closeBrowser" time="-1.688733318186E9">
    <skipped/>
  </testcase> <!-- @AfterClass closeBrowser -->
  <testcase classname="com.Tms.BookingCountTest" name="create4" time="22.611">
    <skipped/>
  </testcase> <!-- create4 -->
  <testcase classname="com.Tms.BookingCountTest" name="create4" time="8.398">
    <skipped/>
  </testcase> <!-- create4 -->
  <testcase classname="com.Tms.BookingCountTest" name="create4" time="0.853">
    <skipped/>
  </testcase> <!-- create4 -->
  <testcase classname="com.Tms.BookingCountTest" name="create4" time="0.562">
    <failure type="org.openqa.selenium.NoSuchWindowException" message="no such window: target window already closed
from unknown error: web view not found
  (Session info: MicrosoftEdge=114.0.1823.67)
Build info: version: &amp;apos;4.9.1&amp;apos;, revision: &amp;apos;eb2032df7f&amp;apos;
System info: os.name: &amp;apos;Windows 10&amp;apos;, os.arch: &amp;apos;amd64&amp;apos;, os.version: &amp;apos;10.0&amp;apos;, java.version: &amp;apos;19.0.2&amp;apos;
Driver info: org.openqa.selenium.edge.EdgeDriver
Command: [0b51df891b1ae1aecce25917095a6c79, findElement {using=xpath, value=//span[text()=&amp;apos; Tour Packages&amp;apos;]}]
Capabilities {acceptInsecureCerts: false, browserName: msedge, browserVersion: 114.0.1823.67, ms:edgeOptions: {debuggerAddress: localhost:1418}, msedge: {msedgedriverVersion: 114.0.1823.67 (3f1d7fbb324e..., userDataDir: C:\Users\MIRZAK~1\AppData\L...}, networkConnectionEnabled: false, pageLoadStrategy: normal, platformName: windows, proxy: Proxy(), se:cdp: ws://localhost:1418/devtool..., se:cdpVersion: 114.0.1823.67, setWindowRect: true, strictFileInteractability: false, timeouts: {implicit: 0, pageLoad: 300000, script: 30000}, unhandledPromptBehavior: dismiss and notify, webauthn:extension:credBlob: true, webauthn:extension:largeBlob: true, webauthn:extension:minPinLength: true, webauthn:extension:prf: true, webauthn:virtualAuthenticators: true}
Session ID: 0b51df891b1ae1aecce25917095a6c79">
      <![CDATA[org.openqa.selenium.NoSuchWindowException: no such window: target window already closed
from unknown error: web view not found
  (Session info: MicrosoftEdge=114.0.1823.67)
Build info: version: '4.9.1', revision: 'eb2032df7f'
System info: os.name: 'Windows 10', os.arch: 'amd64', os.version: '10.0', java.version: '19.0.2'
Driver info: org.openqa.selenium.edge.EdgeDriver
Command: [0b51df891b1ae1aecce25917095a6c79, findElement {using=xpath, value=//span[text()=' Tour Packages']}]
Capabilities {acceptInsecureCerts: false, browserName: msedge, browserVersion: 114.0.1823.67, ms:edgeOptions: {debuggerAddress: localhost:1418}, msedge: {msedgedriverVersion: 114.0.1823.67 (3f1d7fbb324e..., userDataDir: C:\Users\MIRZAK~1\AppData\L...}, networkConnectionEnabled: false, pageLoadStrategy: normal, platformName: windows, proxy: Proxy(), se:cdp: ws://localhost:1418/devtool..., se:cdpVersion: 114.0.1823.67, setWindowRect: true, strictFileInteractability: false, timeouts: {implicit: 0, pageLoad: 300000, script: 30000}, unhandledPromptBehavior: dismiss and notify, webauthn:extension:credBlob: true, webauthn:extension:largeBlob: true, webauthn:extension:minPinLength: true, webauthn:extension:prf: true, webauthn:virtualAuthenticators: true}
Session ID: 0b51df891b1ae1aecce25917095a6c79
at org.openqa.selenium.remote.codec.w3c.W3CHttpResponseCodec.createException(W3CHttpResponseCodec.java:200)
at org.openqa.selenium.remote.codec.w3c.W3CHttpResponseCodec.decode(W3CHttpResponseCodec.java:133)
at org.openqa.selenium.remote.codec.w3c.W3CHttpResponseCodec.decode(W3CHttpResponseCodec.java:53)
at org.openqa.selenium.remote.HttpCommandExecutor.execute(HttpCommandExecutor.java:193)
at org.openqa.selenium.remote.service.DriverCommandExecutor.invokeExecute(DriverCommandExecutor.java:183)
at org.openqa.selenium.remote.service.DriverCommandExecutor.execute(DriverCommandExecutor.java:158)
at org.openqa.selenium.remote.RemoteWebDriver.execute(RemoteWebDriver.java:543)
at org.openqa.selenium.remote.ElementLocation$ElementFinder$2.findElement(ElementLocation.java:162)
at org.openqa.selenium.remote.ElementLocation.findElement(ElementLocation.java:60)
at org.openqa.selenium.remote.RemoteWebDriver.findElement(RemoteWebDriver.java:352)
at org.openqa.selenium.remote.RemoteWebDriver.findElement(RemoteWebDriver.java:344)
at org.openqa.selenium.support.pagefactory.DefaultElementLocator.findElement(DefaultElementLocator.java:70)
at org.openqa.selenium.support.pagefactory.internal.LocatingElementHandler.invoke(LocatingElementHandler.java:39)
at jdk.proxy2/jdk.proxy2.$Proxy21.click(Unknown Source)
at com.TMS.objectRepository.AdminDashboardPage.clickTourPackage(AdminDashboardPage.java:71)
at com.Tms.BookingCountTest.create4(BookingCountTest.java:38)
at java.base/java.util.concurrent.ThreadPoolExecutor.runWorker(ThreadPoolExecutor.java:1144)
at java.base/java.util.concurrent.ThreadPoolExecutor$Worker.run(ThreadPoolExecutor.java:642)
at java.base/java.lang.Thread.run(Thread.java:1589)
... Removed 13 stack frames]]>
    </failure>
  </testcase> <!-- create4 -->
</testsuite> <!-- Test(failed) -->
