<?xml version="1.0" encoding="UTF-8"?>
<!-- Generated by org.testng.reporters.JUnitXMLReporter -->
<testsuite ignored="6" hostname="DESKTOP-RD9UV13" failures="0" tests="4" name="classes" time="92.326" errors="0" timestamp="2023-07-07T11:26:40 IST">
  <testcase classname="com.TYSS.Renaa_TMS_Hybrid.BaseClass" name="@BeforeClass launchBrowser" time="0.021">
    <failure type="java.lang.NullPointerException" message="Cannot invoke &amp;quot;String.contains(java.lang.CharSequence)&amp;quot; because &amp;quot;this.browser&amp;quot; is null">
      <![CDATA[java.lang.NullPointerException: Cannot invoke "String.contains(java.lang.CharSequence)" because "this.browser" is null
at com.TYSS.Renaa_TMS_Hybrid.BaseClass.launchBrowser(BaseClass.java:63)
at java.base/java.util.ArrayList.forEach(ArrayList.java:1511)
... Removed 23 stack frames]]>
    </failure>
  </testcase> <!-- @BeforeClass launchBrowser -->
  <testcase classname="com.TYSS.Renaa_TMS_Hybrid.BaseClass" name="@BeforeMethod loginToApp" time="-1.688709400285E9">
    <skipped/>
  </testcase> <!-- @BeforeMethod loginToApp -->
  <testcase classname="com.TYSS.Renaa_TMS_Hybrid.BaseClass" name="@AfterMethod logoutFromApp" time="-1.688709400305E9">
    <skipped/>
  </testcase> <!-- @AfterMethod logoutFromApp -->
  <testcase classname="com.TYSS.Renaa_TMS_Hybrid.BaseClass" name="@AfterClass closeBrowser" time="-1.688709400307E9">
    <skipped/>
  </testcase> <!-- @AfterClass closeBrowser -->
  <testcase classname="com.TYSS.Renaa_TMS_Hybrid.BaseClass" name="@BeforeClass launchBrowser" time="0.0">
    <failure type="java.lang.NullPointerException" message="Cannot invoke &amp;quot;String.contains(java.lang.CharSequence)&amp;quot; because &amp;quot;this.browser&amp;quot; is null">
      <![CDATA[java.lang.NullPointerException: Cannot invoke "String.contains(java.lang.CharSequence)" because "this.browser" is null
at com.TYSS.Renaa_TMS_Hybrid.BaseClass.launchBrowser(BaseClass.java:63)
at java.base/java.util.ArrayList.forEach(ArrayList.java:1511)
... Removed 23 stack frames]]>
    </failure>
  </testcase> <!-- @BeforeClass launchBrowser -->
  <testcase classname="com.TYSS.Renaa_TMS_Hybrid.BaseClass" name="@BeforeMethod loginToApp" time="-1.688709400316E9">
    <skipped/>
  </testcase> <!-- @BeforeMethod loginToApp -->
  <testcase classname="com.TYSS.Renaa_TMS_Hybrid.BaseClass" name="@AfterMethod logoutFromApp" time="-1.688709400328E9">
    <skipped/>
  </testcase> <!-- @AfterMethod logoutFromApp -->
  <testcase classname="com.TYSS.Renaa_TMS_Hybrid.BaseClass" name="@AfterClass closeBrowser" time="-1.688709400333E9">
    <skipped/>
  </testcase> <!-- @AfterClass closeBrowser -->
  <testcase classname="com.TYSS.Renaa_TMS_Hybrid.BaseClass" name="@BeforeClass launchBrowser" time="0.0">
    <failure type="java.lang.NullPointerException" message="Cannot invoke &amp;quot;String.contains(java.lang.CharSequence)&amp;quot; because &amp;quot;this.browser&amp;quot; is null">
      <![CDATA[java.lang.NullPointerException: Cannot invoke "String.contains(java.lang.CharSequence)" because "this.browser" is null
at com.TYSS.Renaa_TMS_Hybrid.BaseClass.launchBrowser(BaseClass.java:63)
at java.base/java.util.ArrayList.forEach(ArrayList.java:1511)
... Removed 23 stack frames]]>
    </failure>
  </testcase> <!-- @BeforeClass launchBrowser -->
  <testcase classname="com.TYSS.Renaa_TMS_Hybrid.BaseClass" name="@BeforeMethod loginToApp" time="-1.688709400341E9">
    <skipped/>
  </testcase> <!-- @BeforeMethod loginToApp -->
  <testcase classname="com.TYSS.Renaa_TMS_Hybrid.BaseClass" name="@AfterMethod logoutFromApp" time="-1.688709400378E9">
    <skipped/>
  </testcase> <!-- @AfterMethod logoutFromApp -->
  <testcase classname="com.TYSS.Renaa_TMS_Hybrid.BaseClass" name="@AfterClass closeBrowser" time="-1.68870940038E9">
    <skipped/>
  </testcase> <!-- @AfterClass closeBrowser -->
  <testcase classname="com.Tms.BookingCountTest" name="create4" time="68.796"/>
  <testcase classname="com.Tms.BookAndCancelTecketTest" name="create3" time="0.0">
    <skipped/>
  </testcase> <!-- create3 -->
  <testcase classname="com.Tms.RaiseIssueTest" name="create2" time="0.0">
    <skipped/>
  </testcase> <!-- create2 -->
  <testcase classname="com.Tms.BookAndConfirmTest" name="create1" time="0.0">
    <skipped/>
  </testcase> <!-- create1 -->
  <testcase classname="com.TYSS.Renaa_TMS_Hybrid.BaseClass" name="@AfterSuite closeDB" time="0.0">
    <ignored/>
  </testcase> <!-- @AfterSuite closeDB -->
  <testcase classname="com.TYSS.Renaa_TMS_Hybrid.BaseClass" name="@AfterSuite closeDB" time="0.0">
    <ignored/>
  </testcase> <!-- @AfterSuite closeDB -->
  <testcase classname="com.TYSS.Renaa_TMS_Hybrid.BaseClass" name="@AfterSuite closeDB" time="0.0">
    <ignored/>
  </testcase> <!-- @AfterSuite closeDB -->
  <testcase classname="com.TYSS.Renaa_TMS_Hybrid.BaseClass" name="@BeforeSuite connectDB" time="0.0">
    <ignored/>
  </testcase> <!-- @BeforeSuite connectDB -->
  <testcase classname="com.TYSS.Renaa_TMS_Hybrid.BaseClass" name="@BeforeSuite connectDB" time="0.0">
    <ignored/>
  </testcase> <!-- @BeforeSuite connectDB -->
  <testcase classname="com.TYSS.Renaa_TMS_Hybrid.BaseClass" name="@BeforeSuite connectDB" time="0.0">
    <ignored/>
  </testcase> <!-- @BeforeSuite connectDB -->
</testsuite> <!-- classes -->
